# JRE version: Java(TM) SE Runtime Environment (8.0_65-b17) (build 1.8.0_65-b17)
# Java VM: Java HotSpot(TM) 64-Bit Server VM (25.65-b01 mixed mode linux-amd64 compressed oops)
Heap:
 PSYoungGen      total 539648K, used 358380K [0x00000000d6f80000, 0x00000000fa380000, 0x0000000100000000)
  eden space 530432K, 67% used [0x00000000d6f80000,0x00000000ecd7b138,0x00000000f7580000)
  from space 9216K, 0% used [0x00000000f7d00000,0x00000000f7d00000,0x00000000f8600000)
  to   space 23552K, 0% used [0x00000000f8c80000,0x00000000f8c80000,0x00000000fa380000)
 ParOldGen       total 92160K, used 31227K [0x0000000084e00000, 0x000000008a800000, 0x00000000d6f80000)
  object space 92160K, 33% used [0x0000000084e00000,0x0000000086c7ed98,0x000000008a800000)
 Metaspace       used 53616K, capacity 54302K, committed 54400K, reserved 1097728K
  class space    used 6764K, capacity 6946K, committed 7040K, reserved 1048576K
GC Heap History (10 events):
Event: 83.196 GC heap before
{Heap before GC invocations=11 (full 2):
 PSYoungGen      total 426496K, used 375830K [0x00000000d6f80000, 0x00000000f2600000, 0x0000000100000000)
  eden space 407552K, 92% used [0x00000000d6f80000,0x00000000ede85a20,0x00000000efd80000)
  from space 18944K, 0% used [0x00000000f1080000,0x00000000f1080000,0x00000000f2300000)
  to   space 19456K, 0% used [0x00000000efd80000,0x00000000efd80000,0x00000000f1080000)
 ParOldGen       total 92160K, used 23149K [0x0000000084e00000, 0x000000008a800000, 0x00000000d6f80000)
  object space 92160K, 25% used [0x0000000084e00000,0x000000008649b6b0,0x000000008a800000)
 Metaspace       used 52543K, capacity 53052K, committed 53248K, reserved 1095680K
  class space    used 6714K, capacity 6862K, committed 6912K, reserved 1048576K
Event: 83.233 GC heap after
Heap after GC invocations=11 (full 2):
 PSYoungGen      total 427008K, used 19448K [0x00000000d6f80000, 0x00000000fb780000, 0x0000000100000000)
  eden space 407552K, 0% used [0x00000000d6f80000,0x00000000d6f80000,0x00000000efd80000)
  from space 19456K, 99% used [0x00000000efd80000,0x00000000f107e290,0x00000000f1080000)
  to   space 25088K, 0% used [0x00000000f9f00000,0x00000000f9f00000,0x00000000fb780000)
 ParOldGen       total 92160K, used 29942K [0x0000000084e00000, 0x000000008a800000, 0x00000000d6f80000)
  object space 92160K, 32% used [0x0000000084e00000,0x0000000086b3d878,0x000000008a800000)
 Metaspace       used 52543K, capacity 53052K, committed 53248K, reserved 1095680K
  class space    used 6714K, capacity 6862K, committed 6912K, reserved 1048576K
}
Event: 83.233 GC heap before
{Heap before GC invocations=12 (full 3):
 PSYoungGen      total 427008K, used 19448K [0x00000000d6f80000, 0x00000000fb780000, 0x0000000100000000)
  eden space 407552K, 0% used [0x00000000d6f80000,0x00000000d6f80000,0x00000000efd80000)
  from space 19456K, 99% used [0x00000000efd80000,0x00000000f107e290,0x00000000f1080000)
  to   space 25088K, 0% used [0x00000000f9f00000,0x00000000f9f00000,0x00000000fb780000)
 ParOldGen       total 92160K, used 29942K [0x0000000084e00000, 0x000000008a800000, 0x00000000d6f80000)
  object space 92160K, 32% used [0x0000000084e00000,0x0000000086b3d878,0x000000008a800000)
 Metaspace       used 52543K, capacity 53052K, committed 53248K, reserved 1095680K
  class space    used 6714K, capacity 6862K, committed 6912K, reserved 1048576K
Event: 83.332 GC heap after
Heap after GC invocations=12 (full 3):
 PSYoungGen      total 427008K, used 0K [0x00000000d6f80000, 0x00000000fb780000, 0x0000000100000000)
  eden space 407552K, 0% used [0x00000000d6f80000,0x00000000d6f80000,0x00000000efd80000)
  from space 19456K, 0% used [0x00000000efd80000,0x00000000efd80000,0x00000000f1080000)
  to   space 25088K, 0% used [0x00000000f9f00000,0x00000000f9f00000,0x00000000fb780000)
 ParOldGen       total 92160K, used 39747K [0x0000000084e00000, 0x000000008a800000, 0x00000000d6f80000)
  object space 92160K, 43% used [0x0000000084e00000,0x00000000874d0cf8,0x000000008a800000)
 Metaspace       used 52543K, capacity 53052K, committed 53248K, reserved 1095680K
  class space    used 6714K, capacity 6862K, committed 6912K, reserved 1048576K
}
Event: 174.277 GC heap before
{Heap before GC invocations=13 (full 3):
 PSYoungGen      total 427008K, used 407552K [0x00000000d6f80000, 0x00000000fb780000, 0x0000000100000000)
  eden space 407552K, 100% used [0x00000000d6f80000,0x00000000efd80000,0x00000000efd80000)
  from space 19456K, 0% used [0x00000000efd80000,0x00000000efd80000,0x00000000f1080000)
  to   space 25088K, 0% used [0x00000000f9f00000,0x00000000f9f00000,0x00000000fb780000)
 ParOldGen       total 92160K, used 39747K [0x0000000084e00000, 0x000000008a800000, 0x00000000d6f80000)
  object space 92160K, 43% used [0x0000000084e00000,0x00000000874d0cf8,0x000000008a800000)
 Metaspace       used 53460K, capacity 54136K, committed 54400K, reserved 1097728K
  class space    used 6751K, capacity 6924K, committed 7040K, reserved 1048576K
Event: 174.304 GC heap after
Heap after GC invocations=13 (full 3):
 PSYoungGen      total 544768K, used 13830K [0x00000000d6f80000, 0x00000000fad00000, 0x0000000100000000)
  eden space 530432K, 0% used [0x00000000d6f80000,0x00000000d6f80000,0x00000000f7580000)
  from space 14336K, 96% used [0x00000000f9f00000,0x00000000fac81a80,0x00000000fad00000)
  to   space 24576K, 0% used [0x00000000f7d00000,0x00000000f7d00000,0x00000000f9500000)
 ParOldGen       total 92160K, used 39755K [0x0000000084e00000, 0x000000008a800000, 0x00000000d6f80000)
  object space 92160K, 43% used [0x0000000084e00000,0x00000000874d2cf8,0x000000008a800000)
 Metaspace       used 53460K, capacity 54136K, committed 54400K, reserved 1097728K
  class space    used 6751K, capacity 6924K, committed 7040K, reserved 1048576K
}
Event: 174.310 GC heap before
{Heap before GC invocations=14 (full 3):
 PSYoungGen      total 544768K, used 31100K [0x00000000d6f80000, 0x00000000fad00000, 0x0000000100000000)
  eden space 530432K, 3% used [0x00000000d6f80000,0x00000000d805d808,0x00000000f7580000)
  from space 14336K, 96% used [0x00000000f9f00000,0x00000000fac81a80,0x00000000fad00000)
  to   space 24576K, 0% used [0x00000000f7d00000,0x00000000f7d00000,0x00000000f9500000)
 ParOldGen       total 92160K, used 39755K [0x0000000084e00000, 0x000000008a800000, 0x00000000d6f80000)
  object space 92160K, 43% used [0x0000000084e00000,0x00000000874d2cf8,0x000000008a800000)
 Metaspace       used 53463K, capacity 54142K, committed 54400K, reserved 1097728K
  class space    used 6752K, capacity 6926K, committed 7040K, reserved 1048576K
Event: 174.324 GC heap after
Heap after GC invocations=14 (full 3):
 PSYoungGen      total 539648K, used 9091K [0x00000000d6f80000, 0x00000000fa380000, 0x0000000100000000)
  eden space 530432K, 0% used [0x00000000d6f80000,0x00000000d6f80000,0x00000000f7580000)
  from space 9216K, 98% used [0x00000000f7d00000,0x00000000f85e0e90,0x00000000f8600000)
  to   space 23552K, 0% used [0x00000000f8c80000,0x00000000f8c80000,0x00000000fa380000)
 ParOldGen       total 92160K, used 39763K [0x0000000084e00000, 0x000000008a800000, 0x00000000d6f80000)
  object space 92160K, 43% used [0x0000000084e00000,0x00000000874d4cf8,0x000000008a800000)
 Metaspace       used 53463K, capacity 54142K, committed 54400K, reserved 1097728K
  class space    used 6752K, capacity 6926K, committed 7040K, reserved 1048576K
}
Event: 174.325 GC heap before
{Heap before GC invocations=15 (full 4):
 PSYoungGen      total 539648K, used 9091K [0x00000000d6f80000, 0x00000000fa380000, 0x0000000100000000)
  eden space 530432K, 0% used [0x00000000d6f80000,0x00000000d6f80000,0x00000000f7580000)
  from space 9216K, 98% used [0x00000000f7d00000,0x00000000f85e0e90,0x00000000f8600000)
  to   space 23552K, 0% used [0x00000000f8c80000,0x00000000f8c80000,0x00000000fa380000)
 ParOldGen       total 92160K, used 39763K [0x0000000084e00000, 0x000000008a800000, 0x00000000d6f80000)
  object space 92160K, 43% used [0x0000000084e00000,0x00000000874d4cf8,0x000000008a800000)
 Metaspace       used 53463K, capacity 54142K, committed 54400K, reserved 1097728K
  class space    used 6752K, capacity 6926K, committed 7040K, reserved 1048576K
Event: 174.460 GC heap after
Heap after GC invocations=15 (full 4):
 PSYoungGen      total 539648K, used 0K [0x00000000d6f80000, 0x00000000fa380000, 0x0000000100000000)
  eden space 530432K, 0% used [0x00000000d6f80000,0x00000000d6f80000,0x00000000f7580000)
  from space 9216K, 0% used [0x00000000f7d00000,0x00000000f7d00000,0x00000000f8600000)
  to   space 23552K, 0% used [0x00000000f8c80000,0x00000000f8c80000,0x00000000fa380000)
 ParOldGen       total 92160K, used 31227K [0x0000000084e00000, 0x000000008a800000, 0x00000000d6f80000)
  object space 92160K, 33% used [0x0000000084e00000,0x0000000086c7ed98,0x000000008a800000)
 Metaspace       used 53461K, capacity 54136K, committed 54400K, reserved 1097728K
  class space    used 6751K, capacity 6924K, committed 7040K, reserved 1048576K
}

